May 28, 2017 5:45:48 PM com.orientechnologies.common.log.O[AssetsController.scala]: exception during background compile: scala.MatchError: <empty> (of class scala.reflect.internal.Trees$EmptyTree$)
[AssetsController.scala] marking unit as crashed (crashedFiles: Set(/home/werner/Projects/playCMS/modules/admin/app/controllers/api/AssetsController.scala))
has invalid value, that may cause out of memory errors. Please set the -XX:MaxDirectMemorySize=8000m option when you start the JVM.
scala.MatchError: <empty> (of class scala.reflect.internal.Trees$EmptyTree$)
	at scala.tools.nsc.typechecker.Unapplies$class.constrParamss(Unapplies.scala:57)
	at scala.tools.nsc.typechecker.Unapplies$class.factoryMeth(Unapplies.scala:131)
	at scala.tools.nsc.interactive.Global$$anon$5.factoryMeth(Global.scala:232)
	at scala.tools.nsc.typechecker.MethodSynthesis$MethodSynth$ImplicitClassWrapper.derivedTree(MethodSynthesis.scala:367)
	at scala.tools.nsc.typechecker.MethodSynthesis$MethodSynth$ImplicitClassWrapper.createAndEnterSymbol(MethodSynthesis.scala:357)
	at scala.tools.nsc.typechecker.MethodSynthesis$MethodSynth$class.enterImplicitWrapper(MethodSynthesis.scala:134)
	at scala.tools.nsc.typechecker.Namers$Namer.enterImplicitWrapper(Namers.scala:54)
	at scala.tools.nsc.interactive.InteractiveAnalyzer$InteractiveNamer$class.enterExistingSym(Global.scala:82)
	at scala.tools.nsc.interactive.InteractiveAnalyzer$$anon$7.enterExistingSym(Global.scala:41)
	at scala.tools.nsc.typechecker.Namers$Namer.standardEnterSym(Namers.scala:300)
	at scala.tools.nsc.typechecker.AnalyzerPlugins$class.pluginsEnterSym(AnalyzerPlugins.scala:422)
	at scala.tools.nsc.interactive.Global$$anon$5.pluginsEnterSym(Global.scala:232)
	at scala.tools.nsc.typechecker.Namers$Namer.enterSym(Namers.scala:275)
	at scala.tools.nsc.typechecker.Typers$Typer.enterSym(Typers.scala:1850)
	at scala.tools.nsc.typechecker.Typers$Typer.enterSyms(Typers.scala:1845)
	at scala.tools.nsc.typechecker.Typers$Typer.typedTemplate(Typers.scala:1886)
	at scala.tools.nsc.typechecker.Typers$Typer.typedClassDef(Typers.scala:1757)
	at scala.tools.nsc.typechecker.Typers$Typer.typedMemberDef$1(Typers.scala:5336)
	at scala.tools.nsc.typechecker.Typers$Typer.typed1(Typers.scala:5386)
	at scala.tools.nsc.typechecker.Typers$Typer.runTyper$1(Typers.scala:5423)
	at scala.tools.nsc.typechecker.Typers$Typer.scala$tools$nsc$typechecker$Typers$Typer$$typedInternal(Typers.scala:5450)
	at scala.tools.nsc.typechecker.Typers$Typer.body$2(Typers.scala:5397)
	at scala.tools.nsc.typechecker.Typers$Typer.typed(Typers.scala:5401)
	at scala.tools.nsc.typechecker.Typers$Typer.typedByValueExpr(Typers.scala:5481)
	at scala.tools.nsc.typechecker.Typers$Typer.scala$tools$nsc$typechecker$Typers$Typer$$typedStat$1(Typers.scala:3042)
	at scala.tools.nsc.typechecker.Typers$Typer$$anonfun$65.apply(Typers.scala:3150)
	at scala.tools.nsc.typechecker.Typers$Typer$$anonfun$65.apply(Typers.scala:3150)
	at scala.collection.immutable.List.loop$1(List.scala:176)
	at scala.collection.immutable.List.mapConserve(List.scala:200)
	at scala.tools.nsc.typechecker.Typers$Typer.typedStats(Typers.scala:3150)
	at scala.tools.nsc.typechecker.Typers$Typer.typedPackageDef$1(Typers.scala:5042)
	at scala.tools.nsc.typechecker.Typers$Typer.typedMemberDef$1(Typers.scala:5339)
	at scala.tools.nsc.typechecker.Typers$Typer.typed1(Typers.scala:5386)
	at scala.tools.nsc.typechecker.Typers$Typer.runTyper$1(Typers.scala:5423)
	at scala.tools.nsc.typechecker.Typers$Typer.scala$tools$nsc$typechecker$Typers$Typer$$typedInternal(Typers.scala:5450)
	at scala.tools.nsc.typechecker.Typers$Typer.body$2(Typers.scala:5397)
	at scala.tools.nsc.typechecker.Typers$Typer.typed(Typers.scala:5401)
	at scala.tools.nsc.typechecker.Typers$Typer.typed(Typers.scala:5477)
	at scala.tools.nsc.typechecker.Analyzer$typerFactory$$anon$3.apply(Analyzer.scala:102)
	at scala.tools.nsc.Global$GlobalPhase$$anonfun$applyPhase$1.apply$mcV$sp(Global.scala:467)
	at scala.tools.nsc.Global$GlobalPhase.withCurrentUnit(Global.scala:458)
	at scala.tools.nsc.Global$GlobalPhase.applyPhase(Global.scala:467)
	at scala.tools.nsc.interactive.Global$TyperRun$$anonfun$applyPhase$1.apply(Global.scala:1339)
	at scala.tools.nsc.interactive.Global$TyperRun$$anonfun$applyPhase$1.apply(Global.scala:1339)
	at scala.reflect.internal.SymbolTable.enteringPhase(SymbolTable.scala:235)
	at scala.tools.nsc.interactive.Global$TyperRun.applyPhase(Global.scala:1339)
	at scala.tools.nsc.interactive.Global$TyperRun.typeCheck(Global.scala:1332)
	at scala.tools.nsc.interactive.Global.typeCheck(Global.scala:670)
	at scala.tools.nsc.interactive.Global$$anonfun$backgroundCompile$5$$anonfun$apply$8.apply(Global.scala:585)
	at scala.tools.nsc.interactive.Global$$anonfun$backgroundCompile$5.apply(Global.scala:581)
	at scala.tools.nsc.interactive.Global$$anonfun$backgroundCompile$5.apply(Global.scala:581)
	at scala.collection.TraversableLike$WithFilter$$anonfun$foreach$1.apply(TraversableLike.scala:733)
	at scala.collection.immutable.List.foreach(List.scala:392)
	at scala.collection.TraversableLike$WithFilter.foreach(TraversableLike.scala:732)
	at scala.tools.nsc.interactive.Global.backgroundCompile(Global.scala:581)
	at scala.tools.nsc.interactive.PresentationCompilerThread.run(PresentationCompilerThread.scala:25)
May 28, 2017 8:45:53 PM com.orientechnologies.common.log.OLogManager log
INFO: Orient Engine is shutting down...
